dunebox-stub/build/intermediates/manifest_merge_blame_file/debug/processDebugManifest/manifest-merger-blame-debug-report.txt
1<?xml version="1.0" encoding="utf-8"?>
2<manifest xmlns:android="http://schemas.android.com/apk/res/android"
3    package="app.pwhs.dunebox.stub" >
4
5    <uses-sdk android:minSdkVersion="26" />
6
7    <!--
8        DuneBox Stub Components
9        ========================
10        These are placeholder components that DuneBox uses to "trick" the Android
11        framework into launching virtual app components. The framework requires all
12        components to be declared in the manifest — so we pre-declare a pool of stubs.
13
14        Process :p0 = first virtual app, :p1 = second, :p2 = third
15    -->
16    <application>
16-->src/main/AndroidManifest.xml:14:5-106:19
17
18        <!-- ==================== STUB ACTIVITIES: Process :p0 ==================== -->
19        <!-- Standard launch mode (10 stubs) -->
20        <activity
20-->src/main/AndroidManifest.xml:18:9-21:197
21            android:name="app.pwhs.dunebox.stub.StubActivity$P0$S0"
21-->src/main/AndroidManifest.xml:18:19-53
22            android:configChanges="mcc|mnc|locale|touchscreen|keyboard|keyboardHidden|navigation|orientation|screenLayout|uiMode|screenSize|smallestScreenSize|fontScale|layoutDirection|density"
22-->src/main/AndroidManifest.xml:21:13-194
23            android:exported="false"
23-->src/main/AndroidManifest.xml:18:54-78
24            android:process=":p0"
24-->src/main/AndroidManifest.xml:20:13-34
25            android:taskAffinity="app.pwhs.dunebox.vt.p0" />
25-->src/main/AndroidManifest.xml:19:13-58
26        <activity
26-->src/main/AndroidManifest.xml:22:9-25:197
27            android:name="app.pwhs.dunebox.stub.StubActivity$P0$S1"
27-->src/main/AndroidManifest.xml:22:19-53
28            android:configChanges="mcc|mnc|locale|touchscreen|keyboard|keyboardHidden|navigation|orientation|screenLayout|uiMode|screenSize|smallestScreenSize|fontScale|layoutDirection|density"
28-->src/main/AndroidManifest.xml:25:13-194
29            android:exported="false"
29-->src/main/AndroidManifest.xml:22:54-78
30            android:process=":p0"
30-->src/main/AndroidManifest.xml:24:13-34
31            android:taskAffinity="app.pwhs.dunebox.vt.p0" />
31-->src/main/AndroidManifest.xml:23:13-58
32        <activity
32-->src/main/AndroidManifest.xml:26:9-29:197
33            android:name="app.pwhs.dunebox.stub.StubActivity$P0$S2"
33-->src/main/AndroidManifest.xml:26:19-53
34            android:configChanges="mcc|mnc|locale|touchscreen|keyboard|keyboardHidden|navigation|orientation|screenLayout|uiMode|screenSize|smallestScreenSize|fontScale|layoutDirection|density"
34-->src/main/AndroidManifest.xml:29:13-194
35            android:exported="false"
35-->src/main/AndroidManifest.xml:26:54-78
36            android:process=":p0"
36-->src/main/AndroidManifest.xml:28:13-34
37            android:taskAffinity="app.pwhs.dunebox.vt.p0" />
37-->src/main/AndroidManifest.xml:27:13-58
38        <activity
38-->src/main/AndroidManifest.xml:30:9-33:197
39            android:name="app.pwhs.dunebox.stub.StubActivity$P0$S3"
39-->src/main/AndroidManifest.xml:30:19-53
40            android:configChanges="mcc|mnc|locale|touchscreen|keyboard|keyboardHidden|navigation|orientation|screenLayout|uiMode|screenSize|smallestScreenSize|fontScale|layoutDirection|density"
40-->src/main/AndroidManifest.xml:33:13-194
41            android:exported="false"
41-->src/main/AndroidManifest.xml:30:54-78
42            android:process=":p0"
42-->src/main/AndroidManifest.xml:32:13-34
43            android:taskAffinity="app.pwhs.dunebox.vt.p0" />
43-->src/main/AndroidManifest.xml:31:13-58
44        <activity
44-->src/main/AndroidManifest.xml:34:9-37:197
45            android:name="app.pwhs.dunebox.stub.StubActivity$P0$S4"
45-->src/main/AndroidManifest.xml:34:19-53
46            android:configChanges="mcc|mnc|locale|touchscreen|keyboard|keyboardHidden|navigation|orientation|screenLayout|uiMode|screenSize|smallestScreenSize|fontScale|layoutDirection|density"
46-->src/main/AndroidManifest.xml:37:13-194
47            android:exported="false"
47-->src/main/AndroidManifest.xml:34:54-78
48            android:process=":p0"
48-->src/main/AndroidManifest.xml:36:13-34
49            android:taskAffinity="app.pwhs.dunebox.vt.p0" />
49-->src/main/AndroidManifest.xml:35:13-58
50
51        <!-- SingleTask launch mode (5 stubs) -->
52        <activity
52-->src/main/AndroidManifest.xml:40:9-44:197
53            android:name="app.pwhs.dunebox.stub.StubActivity$P0$T0"
53-->src/main/AndroidManifest.xml:40:19-53
54            android:configChanges="mcc|mnc|locale|touchscreen|keyboard|keyboardHidden|navigation|orientation|screenLayout|uiMode|screenSize|smallestScreenSize|fontScale|layoutDirection|density"
54-->src/main/AndroidManifest.xml:44:13-194
55            android:exported="false"
55-->src/main/AndroidManifest.xml:40:54-78
56            android:launchMode="singleTask"
56-->src/main/AndroidManifest.xml:41:13-44
57            android:process=":p0"
57-->src/main/AndroidManifest.xml:43:13-34
58            android:taskAffinity="app.pwhs.dunebox.vt.p0.t0" />
58-->src/main/AndroidManifest.xml:42:13-61
59        <activity
59-->src/main/AndroidManifest.xml:45:9-49:197
60            android:name="app.pwhs.dunebox.stub.StubActivity$P0$T1"
60-->src/main/AndroidManifest.xml:45:19-53
61            android:configChanges="mcc|mnc|locale|touchscreen|keyboard|keyboardHidden|navigation|orientation|screenLayout|uiMode|screenSize|smallestScreenSize|fontScale|layoutDirection|density"
61-->src/main/AndroidManifest.xml:49:13-194
62            android:exported="false"
62-->src/main/AndroidManifest.xml:45:54-78
63            android:launchMode="singleTask"
63-->src/main/AndroidManifest.xml:46:13-44
64            android:process=":p0"
64-->src/main/AndroidManifest.xml:48:13-34
65            android:taskAffinity="app.pwhs.dunebox.vt.p0.t1" />
65-->src/main/AndroidManifest.xml:47:13-61
66        <activity
66-->src/main/AndroidManifest.xml:50:9-54:197
67            android:name="app.pwhs.dunebox.stub.StubActivity$P0$T2"
67-->src/main/AndroidManifest.xml:50:19-53
68            android:configChanges="mcc|mnc|locale|touchscreen|keyboard|keyboardHidden|navigation|orientation|screenLayout|uiMode|screenSize|smallestScreenSize|fontScale|layoutDirection|density"
68-->src/main/AndroidManifest.xml:54:13-194
69            android:exported="false"
69-->src/main/AndroidManifest.xml:50:54-78
70            android:launchMode="singleTask"
70-->src/main/AndroidManifest.xml:51:13-44
71            android:process=":p0"
71-->src/main/AndroidManifest.xml:53:13-34
72            android:taskAffinity="app.pwhs.dunebox.vt.p0.t2" />
72-->src/main/AndroidManifest.xml:52:13-61
73
74        <!-- SingleTop launch mode (2 stubs) -->
75        <activity
75-->src/main/AndroidManifest.xml:57:9-61:197
76            android:name="app.pwhs.dunebox.stub.StubActivity$P0$Top0"
76-->src/main/AndroidManifest.xml:57:19-55
77            android:configChanges="mcc|mnc|locale|touchscreen|keyboard|keyboardHidden|navigation|orientation|screenLayout|uiMode|screenSize|smallestScreenSize|fontScale|layoutDirection|density"
77-->src/main/AndroidManifest.xml:61:13-194
78            android:exported="false"
78-->src/main/AndroidManifest.xml:57:56-80
79            android:launchMode="singleTop"
79-->src/main/AndroidManifest.xml:58:13-43
80            android:process=":p0"
80-->src/main/AndroidManifest.xml:60:13-34
81            android:taskAffinity="app.pwhs.dunebox.vt.p0" />
81-->src/main/AndroidManifest.xml:59:13-58
82        <activity
82-->src/main/AndroidManifest.xml:62:9-66:197
83            android:name="app.pwhs.dunebox.stub.StubActivity$P0$Top1"
83-->src/main/AndroidManifest.xml:62:19-55
84            android:configChanges="mcc|mnc|locale|touchscreen|keyboard|keyboardHidden|navigation|orientation|screenLayout|uiMode|screenSize|smallestScreenSize|fontScale|layoutDirection|density"
84-->src/main/AndroidManifest.xml:66:13-194
85            android:exported="false"
85-->src/main/AndroidManifest.xml:62:56-80
86            android:launchMode="singleTop"
86-->src/main/AndroidManifest.xml:63:13-43
87            android:process=":p0"
87-->src/main/AndroidManifest.xml:65:13-34
88            android:taskAffinity="app.pwhs.dunebox.vt.p0" />
88-->src/main/AndroidManifest.xml:64:13-58
89
90        <!-- ==================== STUB ACTIVITIES: Process :p1 ==================== -->
91        <activity
91-->src/main/AndroidManifest.xml:69:9-72:197
92            android:name="app.pwhs.dunebox.stub.StubActivity$P1$S0"
92-->src/main/AndroidManifest.xml:69:19-53
93            android:configChanges="mcc|mnc|locale|touchscreen|keyboard|keyboardHidden|navigation|orientation|screenLayout|uiMode|screenSize|smallestScreenSize|fontScale|layoutDirection|density"
93-->src/main/AndroidManifest.xml:72:13-194
94            android:exported="false"
94-->src/main/AndroidManifest.xml:69:54-78
95            android:process=":p1"
95-->src/main/AndroidManifest.xml:71:13-34
96            android:taskAffinity="app.pwhs.dunebox.vt.p1" />
96-->src/main/AndroidManifest.xml:70:13-58
97        <activity
97-->src/main/AndroidManifest.xml:73:9-76:197
98            android:name="app.pwhs.dunebox.stub.StubActivity$P1$S1"
98-->src/main/AndroidManifest.xml:73:19-53
99            android:configChanges="mcc|mnc|locale|touchscreen|keyboard|keyboardHidden|navigation|orientation|screenLayout|uiMode|screenSize|smallestScreenSize|fontScale|layoutDirection|density"
99-->src/main/AndroidManifest.xml:76:13-194
100            android:exported="false"
100-->src/main/AndroidManifest.xml:73:54-78
101            android:process=":p1"
101-->src/main/AndroidManifest.xml:75:13-34
102            android:taskAffinity="app.pwhs.dunebox.vt.p1" />
102-->src/main/AndroidManifest.xml:74:13-58
103        <activity
103-->src/main/AndroidManifest.xml:77:9-80:197
104            android:name="app.pwhs.dunebox.stub.StubActivity$P1$S2"
104-->src/main/AndroidManifest.xml:77:19-53
105            android:configChanges="mcc|mnc|locale|touchscreen|keyboard|keyboardHidden|navigation|orientation|screenLayout|uiMode|screenSize|smallestScreenSize|fontScale|layoutDirection|density"
105-->src/main/AndroidManifest.xml:80:13-194
106            android:exported="false"
106-->src/main/AndroidManifest.xml:77:54-78
107            android:process=":p1"
107-->src/main/AndroidManifest.xml:79:13-34
108            android:taskAffinity="app.pwhs.dunebox.vt.p1" />
108-->src/main/AndroidManifest.xml:78:13-58
109
110        <!-- ==================== STUB SERVICES ==================== -->
111        <service
111-->src/main/AndroidManifest.xml:83:9-101
112            android:name="app.pwhs.dunebox.stub.StubService$P0$S0"
112-->src/main/AndroidManifest.xml:83:18-51
113            android:exported="false"
113-->src/main/AndroidManifest.xml:83:52-76
114            android:process=":p0" />
114-->src/main/AndroidManifest.xml:83:77-98
115        <service
115-->src/main/AndroidManifest.xml:84:9-101
116            android:name="app.pwhs.dunebox.stub.StubService$P0$S1"
116-->src/main/AndroidManifest.xml:84:18-51
117            android:exported="false"
117-->src/main/AndroidManifest.xml:84:52-76
118            android:process=":p0" />
118-->src/main/AndroidManifest.xml:84:77-98
119        <service
119-->src/main/AndroidManifest.xml:85:9-101
120            android:name="app.pwhs.dunebox.stub.StubService$P0$S2"
120-->src/main/AndroidManifest.xml:85:18-51
121            android:exported="false"
121-->src/main/AndroidManifest.xml:85:52-76
122            android:process=":p0" />
122-->src/main/AndroidManifest.xml:85:77-98
123        <service
123-->src/main/AndroidManifest.xml:86:9-101
124            android:name="app.pwhs.dunebox.stub.StubService$P1$S0"
124-->src/main/AndroidManifest.xml:86:18-51
125            android:exported="false"
125-->src/main/AndroidManifest.xml:86:52-76
126            android:process=":p1" />
126-->src/main/AndroidManifest.xml:86:77-98
127        <service
127-->src/main/AndroidManifest.xml:87:9-101
128            android:name="app.pwhs.dunebox.stub.StubService$P1$S1"
128-->src/main/AndroidManifest.xml:87:18-51
129            android:exported="false"
129-->src/main/AndroidManifest.xml:87:52-76
130            android:process=":p1" />
130-->src/main/AndroidManifest.xml:87:77-98
131
132        <!-- ==================== STUB CONTENT PROVIDERS ==================== -->
133        <provider
133-->src/main/AndroidManifest.xml:90:9-94:37
134            android:name="app.pwhs.dunebox.stub.StubContentProvider$P0$S0"
134-->src/main/AndroidManifest.xml:91:13-54
135            android:authorities="app.pwhs.dunebox.vp.p0.s0"
135-->src/main/AndroidManifest.xml:92:13-60
136            android:exported="false"
136-->src/main/AndroidManifest.xml:93:13-37
137            android:process=":p0" />
137-->src/main/AndroidManifest.xml:94:13-34
138        <provider
138-->src/main/AndroidManifest.xml:95:9-99:37
139            android:name="app.pwhs.dunebox.stub.StubContentProvider$P0$S1"
139-->src/main/AndroidManifest.xml:96:13-54
140            android:authorities="app.pwhs.dunebox.vp.p0.s1"
140-->src/main/AndroidManifest.xml:97:13-60
141            android:exported="false"
141-->src/main/AndroidManifest.xml:98:13-37
142            android:process=":p0" />
142-->src/main/AndroidManifest.xml:99:13-34
143        <provider
143-->src/main/AndroidManifest.xml:100:9-104:37
144            android:name="app.pwhs.dunebox.stub.StubContentProvider$P1$S0"
144-->src/main/AndroidManifest.xml:101:13-54
145            android:authorities="app.pwhs.dunebox.vp.p1.s0"
145-->src/main/AndroidManifest.xml:102:13-60
146            android:exported="false"
146-->src/main/AndroidManifest.xml:103:13-37
147            android:process=":p1" />
147-->src/main/AndroidManifest.xml:104:13-34
148    </application>
149
150</manifest>